                :-) GROMACS - gmx mdrun, 2024.3-plumed_2.9.3 (-:

Copyright 1991-2024 The GROMACS Authors.
GROMACS is free software; you can redistribute it and/or modify it
under the terms of the GNU Lesser General Public License
as published by the Free Software Foundation; either version 2.1
of the License, or (at your option) any later version.

                         Current GROMACS contributors:
       Mark Abraham           Andrey Alekseenko           Vladimir Basov      
      Cathrine Bergh            Eliane Briand               Ania Brown        
      Mahesh Doijade            Giacomo Fiorin          Stefan Fleischmann    
      Sergey Gorelov         Gilles Gouaillardet            Alan Gray         
     M. Eric Irrgang         Farzaneh Jalalypour            Joe Jordan        
     Carsten Kutzner           Justin A. Lemkul          Magnus Lundborg      
       Pascal Merz              Vedran Miletic            Dmitry Morozov      
       Julien Nabet              Szilard Pall        Andrea Pasquadibisceglie 
    Michele Pellegrino          Hubert Santuz             Roland Schulz       
     Tatiana Shugaeva          Alexey Shvetsov            Philip Turner       
     Alessandra Villa      Sebastian Wingbermuehle  

                         Previous GROMACS contributors:
        Emile Apol             Rossen Apostolov           James Barnett       
        Paul Bauer          Herman J.C. Berendsen          Par Bjelkmar       
      Christian Blau          Viacheslav Bolnykh            Kevin Boyd        
    Aldert van Buuren          Carlo Camilloni           Rudi van Drunen      
      Anton Feenstra           Oliver Fleetwood            Vytas Gapsys       
       Gaurav Garg             Gerrit Groenhof            Bert de Groot       
      Anca Hamuraru           Vincent Hindriksen          Victor Holanda      
     Aleksei Iupinov          Christoph Junghans        Prashanth Kanduri     
   Dimitrios Karkoulis           Peter Kasson             Sebastian Kehl      
     Sebastian Keller             Jiri Kraus               Per Larsson        
      Viveca Lindahl            Erik Marklund           Pieter Meulenhoff     
      Teemu Murtola              Sander Pronk             Michael Shirts      
      Alfons Sijbers            Balint Soproni         David van der Spoel    
      Peter Tieleman            Carsten Uphoff             Jon Vincent        
     Teemu Virolainen         Christian Wennberg           Maarten Wolf       
      Artem Zhmurov       

                  Coordinated by the GROMACS project leaders:
                           Berk Hess and Erik Lindahl

GROMACS:      gmx mdrun, version 2024.3-plumed_2.9.3
Executable:   /apps/gromacs/plumed-patched/bin/gmx
Data prefix:  /apps/gromacs/plumed-patched
Working dir:  /home/smahato/MD25/Final-project/charmm-gui/charmm-gui-4318319006/gromacs/OPES/alanine_dip
Process ID:   356044
Command line:
  gmx mdrun -v -deffnm npt

GROMACS version:     2024.3-plumed_2.9.3
Precision:           mixed
Memory model:        64 bit
MPI library:         thread_mpi
OpenMP support:      enabled (GMX_OPENMP_MAX_THREADS = 128)
GPU support:         CUDA
NBNxM GPU setup:     super-cluster 2x2x2 / cluster 8
SIMD instructions:   AVX2_256
CPU FFT library:     fftw-3.3.8-sse2-avx-avx2-avx2_128
GPU FFT library:     cuFFT
Multi-GPU FFT:       none
RDTSCP usage:        enabled
TNG support:         enabled
Hwloc support:       disabled
Tracing support:     disabled
C compiler:          /usr/bin/cc GNU 12.3.0
C compiler flags:    -fexcess-precision=fast -funroll-all-loops -mavx2 -mfma -Wno-missing-field-initializers -O3 -DNDEBUG
C++ compiler:        /usr/bin/c++ GNU 12.3.0
C++ compiler flags:  -fexcess-precision=fast -funroll-all-loops -mavx2 -mfma -Wno-missing-field-initializers -Wno-cast-function-type-strict SHELL:-fopenmp -O3 -DNDEBUG
BLAS library:        Internal
LAPACK library:      Internal
CUDA compiler:       /usr/bin/nvcc nvcc: NVIDIA (R) Cuda compiler driver;Copyright (c) 2005-2023 NVIDIA Corporation;Built on Fri_Jan__6_16:45:21_PST_2023;Cuda compilation tools, release 12.0, V12.0.140;Build cuda_12.0.r12.0/compiler.32267302_0
CUDA compiler flags:-std=c++17;--generate-code=arch=compute_50,code=sm_50;--generate-code=arch=compute_52,code=sm_52;--generate-code=arch=compute_60,code=sm_60;--generate-code=arch=compute_61,code=sm_61;--generate-code=arch=compute_70,code=sm_70;--generate-code=arch=compute_75,code=sm_75;--generate-code=arch=compute_80,code=sm_80;--generate-code=arch=compute_86,code=sm_86;--generate-code=arch=compute_89,code=sm_89;--generate-code=arch=compute_90,code=sm_90;-Wno-deprecated-gpu-targets;--generate-code=arch=compute_53,code=sm_53;--generate-code=arch=compute_80,code=sm_80;-use_fast_math;-Xptxas;-warn-double-usage;-Xptxas;-Werror;-D_FORCE_INLINES;-Xcompiler;-fopenmp;-fexcess-precision=fast -funroll-all-loops -mavx2 -mfma -Wno-missing-field-initializers -Wno-cast-function-type-strict SHELL:-fopenmp -O3 -DNDEBUG
CUDA driver:         12.20
CUDA runtime:        12.0


Running on 1 node with total 16 cores, 32 processing units, 8 compatible GPUs
Hardware detected on host maxwell2:
  CPU info:
    Vendor: Intel
    Brand:  Intel(R) Xeon(R) CPU E5-2640 v3 @ 2.60GHz
    Family: 6   Model: 63   Stepping: 2
    Features: apic avx avx2 clfsh cmov cx8 cx16 f16c fma htt intel lahf mmx msr nonstop_tsc pcid pclmuldq pdcm pdpe1gb popcnt pse rdrnd rdtscp sse2 sse3 sse4.1 sse4.2 ssse3 tdt x2apic
  Hardware topology: Basic
    Packages, cores, and logical processors:
    [indices refer to OS logical processors]
      Package  0: [   0  16] [   1  17] [   2  18] [   3  19] [   4  20] [   5  21] [   6  22] [   7  23]
      Package  1: [   8  24] [   9  25] [  10  26] [  11  27] [  12  28] [  13  29] [  14  30] [  15  31]
    CPU limit set by OS: -1   Recommended max number of threads: 32
  GPU info:
    Number of GPUs detected: 8
    #0: NVIDIA NVIDIA GeForce GTX 980 Ti, compute cap.: 5.2, ECC:  no, stat: compatible
    #1: NVIDIA NVIDIA GeForce GTX 980 Ti, compute cap.: 5.2, ECC:  no, stat: compatible
    #2: NVIDIA NVIDIA GeForce GTX 980 Ti, compute cap.: 5.2, ECC:  no, stat: compatible
    #3: NVIDIA NVIDIA GeForce GTX 980 Ti, compute cap.: 5.2, ECC:  no, stat: compatible
    #4: NVIDIA NVIDIA GeForce GTX 980 Ti, compute cap.: 5.2, ECC:  no, stat: compatible
    #5: NVIDIA NVIDIA GeForce GTX 980 Ti, compute cap.: 5.2, ECC:  no, stat: compatible
    #6: NVIDIA NVIDIA GeForce GTX 980 Ti, compute cap.: 5.2, ECC:  no, stat: compatible
    #7: NVIDIA NVIDIA GeForce GTX 980 Ti, compute cap.: 5.2, ECC:  no, stat: compatible


++++ PLEASE READ AND CITE THE FOLLOWING REFERENCE ++++
M. J. Abraham, T. Murtola, R. Schulz, S. Páll, J. C. Smith, B. Hess, E.
Lindahl
GROMACS: High performance molecular simulations through multi-level
parallelism from laptops to supercomputers
SoftwareX 1 (2015) pp. 19-25
-------- -------- --- Thank You --- -------- --------


++++ PLEASE READ AND CITE THE FOLLOWING REFERENCE ++++
S. Páll, M. J. Abraham, C. Kutzner, B. Hess, E. Lindahl
Tackling Exascale Software Challenges in Molecular Dynamics Simulations with
GROMACS
In S. Markidis & E. Laure (Eds.), Solving Software Challenges for Exascale 8759 (2015) pp. 3-27
-------- -------- --- Thank You --- -------- --------


++++ PLEASE READ AND CITE THE FOLLOWING REFERENCE ++++
S. Pronk, S. Páll, R. Schulz, P. Larsson, P. Bjelkmar, R. Apostolov, M. R.
Shirts, J. C. Smith, P. M. Kasson, D. van der Spoel, B. Hess, and E. Lindahl
GROMACS 4.5: a high-throughput and highly parallel open source molecular
simulation toolkit
Bioinformatics 29 (2013) pp. 845-54
-------- -------- --- Thank You --- -------- --------


++++ PLEASE READ AND CITE THE FOLLOWING REFERENCE ++++
B. Hess and C. Kutzner and D. van der Spoel and E. Lindahl
GROMACS 4: Algorithms for highly efficient, load-balanced, and scalable
molecular simulation
J. Chem. Theory Comput. 4 (2008) pp. 435-447
-------- -------- --- Thank You --- -------- --------


++++ PLEASE READ AND CITE THE FOLLOWING REFERENCE ++++
D. van der Spoel, E. Lindahl, B. Hess, G. Groenhof, A. E. Mark and H. J. C.
Berendsen
GROMACS: Fast, Flexible and Free
J. Comp. Chem. 26 (2005) pp. 1701-1719
-------- -------- --- Thank You --- -------- --------


++++ PLEASE READ AND CITE THE FOLLOWING REFERENCE ++++
E. Lindahl and B. Hess and D. van der Spoel
GROMACS 3.0: A package for molecular simulation and trajectory analysis
J. Mol. Mod. 7 (2001) pp. 306-317
-------- -------- --- Thank You --- -------- --------


++++ PLEASE READ AND CITE THE FOLLOWING REFERENCE ++++
H. J. C. Berendsen, D. van der Spoel and R. van Drunen
GROMACS: A message-passing parallel molecular dynamics implementation
Comp. Phys. Comm. 91 (1995) pp. 43-56
-------- -------- --- Thank You --- -------- --------

Input Parameters:
   integrator                     = md
   tinit                          = 0
   dt                             = 0.002
   nsteps                         = 100000
   init-step                      = 0
   simulation-part                = 1
   mts                            = false
   mass-repartition-factor        = 1
   comm-mode                      = Linear
   nstcomm                        = 100
   bd-fric                        = 0
   ld-seed                        = -81138177
   emtol                          = 10
   emstep                         = 0.01
   niter                          = 20
   fcstep                         = 0
   nstcgsteep                     = 1000
   nbfgscorr                      = 10
   rtpi                           = 0.05
   nstxout                        = 5000
   nstvout                        = 5000
   nstfout                        = 0
   nstlog                         = 5000
   nstcalcenergy                  = 100
   nstenergy                      = 5000
   nstxout-compressed             = 0
   compressed-x-precision         = 1000
   cutoff-scheme                  = Verlet
   nstlist                        = 10
   pbc                            = xyz
   periodic-molecules             = false
   verlet-buffer-tolerance        = 0.005
   verlet-buffer-pressure-tolerance = 0.5
   rlist                          = 1
   coulombtype                    = PME
   coulomb-modifier               = Potential-shift
   rcoulomb-switch                = 0
   rcoulomb                       = 1
   epsilon-r                      = 1
   epsilon-rf                     = inf
   vdw-type                       = Cut-off
   vdw-modifier                   = Potential-shift
   rvdw-switch                    = 0
   rvdw                           = 1
   DispCorr                       = EnerPres
   table-extension                = 1
   fourierspacing                 = 0.16
   fourier-nx                     = 20
   fourier-ny                     = 20
   fourier-nz                     = 20
   pme-order                      = 4
   ewald-rtol                     = 1e-05
   ewald-rtol-lj                  = 0.001
   lj-pme-comb-rule               = Geometric
   ewald-geometry                 = 3d
   epsilon-surface                = 0
   ensemble-temperature-setting   = constant
   ensemble-temperature           = 300
   tcoupl                         = V-rescale
   nsttcouple                     = 10
   nh-chain-length                = 0
   print-nose-hoover-chain-variables = false
   pcoupl                         = Parrinello-Rahman
   pcoupltype                     = Isotropic
   nstpcouple                     = 50
   tau-p                          = 2
   compressibility (3x3):
      compressibility[    0]={ 4.50000e-05,  0.00000e+00,  0.00000e+00}
      compressibility[    1]={ 0.00000e+00,  4.50000e-05,  0.00000e+00}
      compressibility[    2]={ 0.00000e+00,  0.00000e+00,  4.50000e-05}
   ref-p (3x3):
      ref-p[    0]={ 1.00000e+00,  0.00000e+00,  0.00000e+00}
      ref-p[    1]={ 0.00000e+00,  1.00000e+00,  0.00000e+00}
      ref-p[    2]={ 0.00000e+00,  0.00000e+00,  1.00000e+00}
   refcoord-scaling               = COM
   posres-com (3):
      posres-com[0]= 0.00000e+00
      posres-com[1]= 0.00000e+00
      posres-com[2]= 0.00000e+00
   posres-comB (3):
      posres-comB[0]= 0.00000e+00
      posres-comB[1]= 0.00000e+00
      posres-comB[2]= 0.00000e+00
   QMMM                           = false
qm-opts:
   ngQM                           = 0
   constraint-algorithm           = Lincs
   continuation                   = true
   Shake-SOR                      = false
   shake-tol                      = 0.0001
   lincs-order                    = 4
   lincs-iter                     = 1
   lincs-warnangle                = 30
   nwall                          = 0
   wall-type                      = 9-3
   wall-r-linpot                  = -1
   wall-atomtype[0]               = -1
   wall-atomtype[1]               = -1
   wall-density[0]                = 0
   wall-density[1]                = 0
   wall-ewald-zfac                = 3
   pull                           = false
   awh                            = false
   rotation                       = false
   interactiveMD                  = false
   disre                          = No
   disre-weighting                = Conservative
   disre-mixed                    = false
   dr-fc                          = 1000
   dr-tau                         = 0
   nstdisreout                    = 100
   orire-fc                       = 0
   orire-tau                      = 0
   nstorireout                    = 100
   free-energy                    = no
   cos-acceleration               = 0
   deform (3x3):
      deform[    0]={ 0.00000e+00,  0.00000e+00,  0.00000e+00}
      deform[    1]={ 0.00000e+00,  0.00000e+00,  0.00000e+00}
      deform[    2]={ 0.00000e+00,  0.00000e+00,  0.00000e+00}
   simulated-tempering            = false
   swapcoords                     = no
   userint1                       = 0
   userint2                       = 0
   userint3                       = 0
   userint4                       = 0
   userreal1                      = 0
   userreal2                      = 0
   userreal3                      = 0
   userreal4                      = 0
   applied-forces:
     electric-field:
       x:
         E0                       = 0
         omega                    = 0
         t0                       = 0
         sigma                    = 0
       y:
         E0                       = 0
         omega                    = 0
         t0                       = 0
         sigma                    = 0
       z:
         E0                       = 0
         omega                    = 0
         t0                       = 0
         sigma                    = 0
     density-guided-simulation:
       active                     = false
       group                      = protein
       similarity-measure         = inner-product
       atom-spreading-weight      = unity
       force-constant             = 1e+09
       gaussian-transform-spreading-width = 0.2
       gaussian-transform-spreading-range-in-multiples-of-width = 4
       reference-density-filename = reference.mrc
       nst                        = 1
       normalize-densities        = true
       adaptive-force-scaling     = false
       adaptive-force-scaling-time-constant = 4
       shift-vector               = 
       transformation-matrix      = 
     qmmm-cp2k:
       active                     = false
       qmgroup                    = System
       qmmethod                   = PBE
       qmfilenames                = 
       qmcharge                   = 0
       qmmultiplicity             = 1
     colvars:
       active                     = false
       configfile                 = 
       seed                       = -1
grpopts:
   nrdf:     53.9647     4527.04
   ref-t:         300         300
   tau-t:         0.1         0.1
annealing:          No          No
annealing-npoints:           0           0
   acc:	           0           0           0
   nfreeze:           N           N           N
   energygrp-flags[  0]: 0

Changing nstlist from 10 to 100, rlist from 1 to 1.162


Initializing Domain Decomposition on 8 ranks
Dynamic load balancing: auto
Using update groups, nr 765, average size 3.0 atoms, max. radius 0.104 nm
Minimum cell size due to atom displacement: 0.589 nm
Initial maximum distances in bonded interactions:
    two-body bonded interactions: 0.386 nm, LJ-14, atoms 1 9
  multi-body bonded interactions: 0.386 nm, Proper Dih., atoms 1 9
Minimum cell size due to bonded interactions: 0.425 nm
Scaling the initial minimum size with 1/0.8 (option -dds) = 1.25
Using 0 separate PME ranks because: PME-only ranks are not automatically used when non-bonded interactions are computed on GPUs; there are too few total ranks for efficient splitting
Optimizing the DD grid for 8 cells with a minimum initial size of 0.736 nm
The maximum allowed number of cells is: X 3 Y 3 Z 3
Domain decomposition grid 2 x 2 x 2, separate PME ranks 0
PME domain decomposition: 2 x 4 x 1
Domain decomposition rank 0, coordinates 0 0 0

The initial number of communication pulses is: X 1 Y 1 Z 1
The initial domain decomposition cell size is: X 1.43 nm Y 1.43 nm Z 1.43 nm

The maximum allowed distance for atom groups involved in interactions is:
                 non-bonded interactions           1.370 nm
(the following are initial values, they could change due to box deformation)
            two-body bonded interactions  (-rdd)   1.370 nm
          multi-body bonded interactions  (-rdd)   1.370 nm

When dynamic load balancing gets turned on, these settings will change to:
The maximum number of communication pulses is: X 1 Y 1 Z 1
The minimum size for domain decomposition cells is 1.370 nm
The requested allowed shrink of DD cells (option -dds) is: 0.80
The allowed shrink of domain decomposition cells is: X 0.96 Y 0.96 Z 0.96
The maximum allowed distance for atom groups involved in interactions is:
                 non-bonded interactions           1.370 nm
            two-body bonded interactions  (-rdd)   1.370 nm
          multi-body bonded interactions  (-rdd)   1.370 nm

On host maxwell2 8 GPUs selected for this run.
Mapping of GPU IDs to the 8 GPU tasks in the 8 ranks on this node:
  PP:0,PP:1,PP:2,PP:3,PP:4,PP:5,PP:6,PP:7
PP tasks will do (non-perturbed) short-ranged and most bonded interactions on the GPU
PP task will update and constrain coordinates on the GPU
Using 8 MPI threads
Using 4 OpenMP threads per tMPI thread

System total charge: -0.000
Will do PME sum in reciprocal space for electrostatic interactions.

++++ PLEASE READ AND CITE THE FOLLOWING REFERENCE ++++
U. Essmann, L. Perera, M. L. Berkowitz, T. Darden, H. Lee and L. G. Pedersen 
A smooth particle mesh Ewald method
J. Chem. Phys. 103 (1995) pp. 8577-8592
-------- -------- --- Thank You --- -------- --------

Using a Gaussian width (1/beta) of 0.320163 nm for Ewald
Potential shift: LJ r^-12: -1.000e+00 r^-6: -1.000e+00, Ewald -1.000e-05
Initialized non-bonded Coulomb Ewald tables, spacing: 9.33e-04 size: 1073

Generated table with 1081 data points for 1-4 COUL.
Tabscale = 500 points/nm
Generated table with 1081 data points for 1-4 LJ6.
Tabscale = 500 points/nm
Generated table with 1081 data points for 1-4 LJ12.
Tabscale = 500 points/nm
Long Range LJ corr.: <C6> 2.8025e-04


Using GPU 8x8 nonbonded short-range kernels

Using a dual 8x8 pair-list setup updated with dynamic, rolling pruning:
  outer list: updated every 100 steps, buffer 0.162 nm, rlist 1.162 nm
  inner list: updated every  10 steps, buffer 0.002 nm, rlist 1.002 nm
At tolerance 0.005 kJ/mol/ps per atom, equivalent classical 1x1 list would be:
  outer list: updated every 100 steps, buffer 0.311 nm, rlist 1.311 nm
  inner list: updated every  10 steps, buffer 0.043 nm, rlist 1.043 nm

The average pressure is off by at most 0.49 bar due to missing LJ interactions

Using Lorentz-Berthelot Lennard-Jones combination rule

Linking all bonded interactions to atoms


Pinning threads with an auto-selected logical cpu stride of 1

Initializing LINear Constraint Solver

++++ PLEASE READ AND CITE THE FOLLOWING REFERENCE ++++
B. Hess and H. Bekker and H. J. C. Berendsen and J. G. E. M. Fraaije
LINCS: A Linear Constraint Solver for molecular simulations
J. Comp. Chem. 18 (1997) pp. 1463-1472
-------- -------- --- Thank You --- -------- --------

The number of constraints is 12

++++ PLEASE READ AND CITE THE FOLLOWING REFERENCE ++++
S. Miyamoto and P. A. Kollman
SETTLE: An Analytical Version of the SHAKE and RATTLE Algorithms for Rigid
Water Models
J. Comp. Chem. 13 (1992) pp. 952-962
-------- -------- --- Thank You --- -------- --------

Intra-simulation communication will occur every 10 steps.

++++ PLEASE READ AND CITE THE FOLLOWING REFERENCE ++++
G. Bussi, D. Donadio and M. Parrinello
Canonical sampling through velocity rescaling
J. Chem. Phys. 126 (2007) pp. 014101
-------- -------- --- Thank You --- -------- --------

There are: 2287 Atoms
Atom distribution over 8 domains: av 285 stddev 26 min 267 max 307

Updating coordinates and applying constraints on the GPU.

NOTE: DLB will not turn on during the first phase of PME tuning
Center of mass motion removal mode is Linear
We have the following groups for center of mass motion removal:
  0:  rest

Started mdrun on rank 0 Wed Apr 23 23:40:20 2025

           Step           Time
              0        0.00000

   Energies (kJ/mol)
           Bond          Angle    Proper Dih. Per. Imp. Dih.          LJ-14
    6.41416e+00    3.69023e+01    4.07441e+01    2.15178e+00    1.24579e+01
     Coulomb-14        LJ (SR)  Disper. corr.   Coulomb (SR)   Coul. recip.
    1.90899e+02    4.39435e+03   -2.60102e+02   -3.45852e+04    1.89303e+02
      Potential    Kinetic En.   Total Energy  Conserved En.    Temperature
   -2.99721e+04    5.74484e+03   -2.42272e+04   -2.42258e+04    3.01657e+02
 Pres. DC (bar) Pressure (bar)   Constr. rmsd
   -1.83419e+02   -7.33152e+02    0.00000e+00


DD  step 99 load imb.: force  8.5%

DD  step 4999 load imb.: force  0.9%
           Step           Time
           5000       10.00000

   Energies (kJ/mol)
           Bond          Angle    Proper Dih. Per. Imp. Dih.          LJ-14
    6.02246e+00    4.79064e+01    4.61109e+01    1.04834e-01    1.59403e+01
     Coulomb-14        LJ (SR)  Disper. corr.   Coulomb (SR)   Coul. recip.
    1.94315e+02    4.70081e+03   -2.65563e+02   -3.49857e+04    1.96417e+02
      Potential    Kinetic En.   Total Energy  Conserved En.    Temperature
   -3.00436e+04    5.59414e+03   -2.44495e+04   -2.41835e+04    2.93744e+02
 Pres. DC (bar) Pressure (bar)   Constr. rmsd
   -1.91192e+02    3.52311e+02    0.00000e+00


DD  step 9999 load imb.: force  1.1%
           Step           Time
          10000       20.00000

   Energies (kJ/mol)
           Bond          Angle    Proper Dih. Per. Imp. Dih.          LJ-14
    2.03868e+01    3.94412e+01    5.48076e+01    1.45314e+00    1.29064e+01
     Coulomb-14        LJ (SR)  Disper. corr.   Coulomb (SR)   Coul. recip.
    1.80468e+02    4.66920e+03   -2.60292e+02   -3.51145e+04    2.10414e+02
      Potential    Kinetic En.   Total Energy  Conserved En.    Temperature
   -3.01858e+04    5.69741e+03   -2.44883e+04   -2.40179e+04    2.99167e+02
 Pres. DC (bar) Pressure (bar)   Constr. rmsd
   -1.83686e+02   -3.52273e+02    0.00000e+00


DD  step 14999 load imb.: force  1.2%
           Step           Time
          15000       30.00000

   Energies (kJ/mol)
           Bond          Angle    Proper Dih. Per. Imp. Dih.          LJ-14
    7.70855e+00    3.24303e+01    4.91696e+01    5.51314e+00    1.12144e+01
     Coulomb-14        LJ (SR)  Disper. corr.   Coulomb (SR)   Coul. recip.
    1.88610e+02    5.05904e+03   -2.72647e+02   -3.59754e+04    1.87374e+02
      Potential    Kinetic En.   Total Energy  Conserved En.    Temperature
   -3.07069e+04    5.52697e+03   -2.51800e+04   -2.38659e+04    2.90217e+02
 Pres. DC (bar) Pressure (bar)   Constr. rmsd
   -2.01516e+02    6.84585e+02    0.00000e+00

step 15200: timed with pme grid 20 20 20, coulomb cutoff 1.000: 80.1 M-cycles
step 15200: the box size limits the PME load balancing to a coulomb cut-off of 1.120
step 15400: timed with pme grid 16 16 16, coulomb cutoff 1.120: 78.5 M-cycles
step 15600: timed with pme grid 20 20 20, coulomb cutoff 1.000: 77.8 M-cycles
step 15800: timed with pme grid 16 16 16, coulomb cutoff 1.120: 79.7 M-cycles
step 16000: timed with pme grid 20 20 20, coulomb cutoff 1.000: 80.8 M-cycles
              optimal pme grid 20 20 20, coulomb cutoff 1.000

NOTE: DLB can now turn on, when beneficial

DD  step 19999 load imb.: force  1.1%
           Step           Time
          20000       40.00000

   Energies (kJ/mol)
           Bond          Angle    Proper Dih. Per. Imp. Dih.          LJ-14
    2.06420e+01    3.56848e+01    3.98579e+01    4.95935e-01    1.48485e+01
     Coulomb-14        LJ (SR)  Disper. corr.   Coulomb (SR)   Coul. recip.
    1.91465e+02    4.66407e+03   -2.68540e+02   -3.52241e+04    1.80850e+02
      Potential    Kinetic En.   Total Energy  Conserved En.    Temperature
   -3.03447e+04    5.69618e+03   -2.46486e+04   -2.36518e+04    2.99102e+02
 Pres. DC (bar) Pressure (bar)   Constr. rmsd
   -1.95497e+02    1.16154e+02    0.00000e+00


DD  step 24999 load imb.: force  1.0%
           Step           Time
          25000       50.00000

   Energies (kJ/mol)
           Bond          Angle    Proper Dih. Per. Imp. Dih.          LJ-14
    1.97991e+01    4.90872e+01    4.07992e+01    1.34528e+00    1.48525e+01
     Coulomb-14        LJ (SR)  Disper. corr.   Coulomb (SR)   Coul. recip.
    1.71688e+02    4.56971e+03   -2.68032e+02   -3.49336e+04    1.98051e+02
      Potential    Kinetic En.   Total Energy  Conserved En.    Temperature
   -3.01363e+04    5.82958e+03   -2.43068e+04   -2.36261e+04    3.06107e+02
 Pres. DC (bar) Pressure (bar)   Constr. rmsd
   -1.94760e+02    2.49172e+01    0.00000e+00


DD  step 29999 load imb.: force  0.9%
           Step           Time
          30000       60.00000

   Energies (kJ/mol)
           Bond          Angle    Proper Dih. Per. Imp. Dih.          LJ-14
    1.01395e+01    6.04740e+01    4.16949e+01    2.64012e+00    1.27242e+01
     Coulomb-14        LJ (SR)  Disper. corr.   Coulomb (SR)   Coul. recip.
    1.83526e+02    4.83043e+03   -2.64599e+02   -3.52741e+04    1.93042e+02
      Potential    Kinetic En.   Total Energy  Conserved En.    Temperature
   -3.02040e+04    5.74226e+03   -2.44617e+04   -2.35078e+04    3.01522e+02
 Pres. DC (bar) Pressure (bar)   Constr. rmsd
   -1.89809e+02    1.97136e+02    0.00000e+00


DD  step 34999 load imb.: force  1.2%
           Step           Time
          35000       70.00000

   Energies (kJ/mol)
           Bond          Angle    Proper Dih. Per. Imp. Dih.          LJ-14
    1.56399e+01    4.84249e+01    4.67654e+01    8.48917e-01    7.08622e+00
     Coulomb-14        LJ (SR)  Disper. corr.   Coulomb (SR)   Coul. recip.
    1.82035e+02    4.54652e+03   -2.62137e+02   -3.51226e+04    1.90558e+02
      Potential    Kinetic En.   Total Energy  Conserved En.    Temperature
   -3.03468e+04    5.94398e+03   -2.44029e+04   -2.34876e+04    3.12114e+02
 Pres. DC (bar) Pressure (bar)   Constr. rmsd
   -1.86297e+02   -5.25863e+02    0.00000e+00


DD  step 39999 load imb.: force  1.2%
           Step           Time
          40000       80.00000

   Energies (kJ/mol)
           Bond          Angle    Proper Dih. Per. Imp. Dih.          LJ-14
    1.71130e+01    5.15115e+01    4.48955e+01    4.26847e+00    1.32087e+01
     Coulomb-14        LJ (SR)  Disper. corr.   Coulomb (SR)   Coul. recip.
    1.82270e+02    4.90207e+03   -2.70045e+02   -3.54667e+04    1.82822e+02
      Potential    Kinetic En.   Total Energy  Conserved En.    Temperature
   -3.03386e+04    5.79974e+03   -2.45388e+04   -2.34554e+04    3.04540e+02
 Pres. DC (bar) Pressure (bar)   Constr. rmsd
   -1.97692e+02    7.83058e+02    0.00000e+00


DD  step 44999 load imb.: force  1.0%
           Step           Time
          45000       90.00000

   Energies (kJ/mol)
           Bond          Angle    Proper Dih. Per. Imp. Dih.          LJ-14
    2.21157e+00    5.16033e+01    4.45559e+01    3.33750e+00    1.13689e+01
     Coulomb-14        LJ (SR)  Disper. corr.   Coulomb (SR)   Coul. recip.
    1.81199e+02    4.70757e+03   -2.56957e+02   -3.49663e+04    2.01668e+02
      Potential    Kinetic En.   Total Energy  Conserved En.    Temperature
   -3.00197e+04    5.78978e+03   -2.42299e+04   -2.33187e+04    3.04017e+02
 Pres. DC (bar) Pressure (bar)   Constr. rmsd
   -1.79016e+02   -1.96565e+02    0.00000e+00


DD  step 49999 load imb.: force  1.2%
           Step           Time
          50000      100.00000

   Energies (kJ/mol)
           Bond          Angle    Proper Dih. Per. Imp. Dih.          LJ-14
    1.41367e+01    5.31020e+01    4.23027e+01    2.24494e+00    1.02988e+01
     Coulomb-14        LJ (SR)  Disper. corr.   Coulomb (SR)   Coul. recip.
    1.66285e+02    5.09907e+03   -2.68591e+02   -3.55137e+04    1.93236e+02
      Potential    Kinetic En.   Total Energy  Conserved En.    Temperature
   -3.02016e+04    5.77527e+03   -2.44263e+04   -2.32858e+04    3.03255e+02
 Pres. DC (bar) Pressure (bar)   Constr. rmsd
   -1.95571e+02    1.14535e+03    0.00000e+00


DD  step 54999 load imb.: force  1.2%
           Step           Time
          55000      110.00000

   Energies (kJ/mol)
           Bond          Angle    Proper Dih. Per. Imp. Dih.          LJ-14
    5.24289e+00    3.13855e+01    5.95940e+01    2.65941e+00    1.97277e+01
     Coulomb-14        LJ (SR)  Disper. corr.   Coulomb (SR)   Coul. recip.
    1.83498e+02    4.44492e+03   -2.68356e+02   -3.48251e+04    1.99267e+02
      Potential    Kinetic En.   Total Energy  Conserved En.    Temperature
   -3.01471e+04    5.76757e+03   -2.43796e+04   -2.31665e+04    3.02850e+02
 Pres. DC (bar) Pressure (bar)   Constr. rmsd
   -1.95230e+02   -5.32069e+02    0.00000e+00


DD  step 59999 load imb.: force  1.2%
           Step           Time
          60000      120.00000

   Energies (kJ/mol)
           Bond          Angle    Proper Dih. Per. Imp. Dih.          LJ-14
    1.47878e+01    3.70092e+01    4.08834e+01    8.33678e+00    1.53168e+01
     Coulomb-14        LJ (SR)  Disper. corr.   Coulomb (SR)   Coul. recip.
    1.87207e+02    4.78542e+03   -2.68149e+02   -3.53562e+04    1.83425e+02
      Potential    Kinetic En.   Total Energy  Conserved En.    Temperature
   -3.03520e+04    5.91608e+03   -2.44359e+04   -2.31291e+04    3.10649e+02
 Pres. DC (bar) Pressure (bar)   Constr. rmsd
   -1.94929e+02    3.32994e+02    0.00000e+00


DD  step 64999 load imb.: force  1.2%
           Step           Time
          65000      130.00000

   Energies (kJ/mol)
           Bond          Angle    Proper Dih. Per. Imp. Dih.          LJ-14
    1.27182e+01    3.67568e+01    4.12921e+01    1.97878e+00    1.14627e+01
     Coulomb-14        LJ (SR)  Disper. corr.   Coulomb (SR)   Coul. recip.
    1.81463e+02    5.01107e+03   -2.70146e+02   -3.56964e+04    1.74284e+02
      Potential    Kinetic En.   Total Energy  Conserved En.    Temperature
   -3.04955e+04    5.80315e+03   -2.46923e+04   -2.30448e+04    3.04719e+02
 Pres. DC (bar) Pressure (bar)   Constr. rmsd
   -1.97840e+02    8.48830e+02    0.00000e+00


DD  step 69999 load imb.: force  1.2%
           Step           Time
          70000      140.00000

   Energies (kJ/mol)
           Bond          Angle    Proper Dih. Per. Imp. Dih.          LJ-14
    5.94237e+00    2.74317e+01    4.72551e+01    1.78271e+01    1.92245e+01
     Coulomb-14        LJ (SR)  Disper. corr.   Coulomb (SR)   Coul. recip.
    1.95865e+02    4.60870e+03   -2.61871e+02   -3.53667e+04    2.09989e+02
      Potential    Kinetic En.   Total Energy  Conserved En.    Temperature
   -3.04963e+04    5.64758e+03   -2.48488e+04   -2.29095e+04    2.96550e+02
 Pres. DC (bar) Pressure (bar)   Constr. rmsd
   -1.85919e+02   -7.57622e+02    0.00000e+00


DD  step 74999 load imb.: force  1.0%
           Step           Time
          75000      150.00000

   Energies (kJ/mol)
           Bond          Angle    Proper Dih. Per. Imp. Dih.          LJ-14
    1.69998e+01    3.77429e+01    4.44010e+01    7.25733e+00    1.47283e+01
     Coulomb-14        LJ (SR)  Disper. corr.   Coulomb (SR)   Coul. recip.
    1.88790e+02    4.83216e+03   -2.66968e+02   -3.54569e+04    1.72428e+02
      Potential    Kinetic En.   Total Energy  Conserved En.    Temperature
   -3.04094e+04    5.62033e+03   -2.47890e+04   -2.28047e+04    2.95119e+02
 Pres. DC (bar) Pressure (bar)   Constr. rmsd
   -1.93218e+02    1.86602e+02    0.00000e+00


DD  step 79999 load imb.: force  1.2%
           Step           Time
          80000      160.00000

   Energies (kJ/mol)
           Bond          Angle    Proper Dih. Per. Imp. Dih.          LJ-14
    9.43269e+00    4.04896e+01    4.98868e+01    8.37193e+00    1.18911e+01
     Coulomb-14        LJ (SR)  Disper. corr.   Coulomb (SR)   Coul. recip.
    1.80195e+02    5.10605e+03   -2.68187e+02   -3.57815e+04    1.75934e+02
      Potential    Kinetic En.   Total Energy  Conserved En.    Temperature
   -3.04675e+04    5.83455e+03   -2.46329e+04   -2.27405e+04    3.06368e+02
 Pres. DC (bar) Pressure (bar)   Constr. rmsd
   -1.94985e+02    1.17120e+03    0.00000e+00


DD  step 84999 load imb.: force  1.3%
           Step           Time
          85000      170.00000

   Energies (kJ/mol)
           Bond          Angle    Proper Dih. Per. Imp. Dih.          LJ-14
    7.26814e+00    5.53653e+01    4.53290e+01    2.45056e+00    1.87291e+01
     Coulomb-14        LJ (SR)  Disper. corr.   Coulomb (SR)   Coul. recip.
    1.79439e+02    4.80276e+03   -2.70363e+02   -3.53318e+04    1.95973e+02
      Potential    Kinetic En.   Total Energy  Conserved En.    Temperature
   -3.02949e+04    5.76973e+03   -2.45252e+04   -2.26549e+04    3.02964e+02
 Pres. DC (bar) Pressure (bar)   Constr. rmsd
   -1.98158e+02    6.15084e+02    0.00000e+00


DD  step 89999 load imb.: force  1.0%
           Step           Time
          90000      180.00000

   Energies (kJ/mol)
           Bond          Angle    Proper Dih. Per. Imp. Dih.          LJ-14
    5.87907e+00    3.32326e+01    4.20418e+01    1.31863e+00    1.48445e+01
     Coulomb-14        LJ (SR)  Disper. corr.   Coulomb (SR)   Coul. recip.
    2.00000e+02    4.61021e+03   -2.66721e+02   -3.51341e+04    1.91567e+02
      Potential    Kinetic En.   Total Energy  Conserved En.    Temperature
   -3.03018e+04    5.53432e+03   -2.47675e+04   -2.26250e+04    2.90603e+02
 Pres. DC (bar) Pressure (bar)   Constr. rmsd
   -1.92861e+02   -7.83373e+01    0.00000e+00


DD  step 94999 load imb.: force  1.0%
           Step           Time
          95000      190.00000

   Energies (kJ/mol)
           Bond          Angle    Proper Dih. Per. Imp. Dih.          LJ-14
    8.78534e+00    4.21236e+01    4.78142e+01    6.95364e+00    1.42667e+01
     Coulomb-14        LJ (SR)  Disper. corr.   Coulomb (SR)   Coul. recip.
    1.94304e+02    4.90170e+03   -2.65397e+02   -3.55841e+04    1.94363e+02
      Potential    Kinetic En.   Total Energy  Conserved En.    Temperature
   -3.04392e+04    5.62496e+03   -2.48142e+04   -2.25537e+04    2.95362e+02
 Pres. DC (bar) Pressure (bar)   Constr. rmsd
   -1.90953e+02    2.90144e+02    0.00000e+00


DD  step 99999 load imb.: force  0.5%
           Step           Time
         100000      200.00000

Writing checkpoint, step 100000 at Wed Apr 23 23:40:51 2025


   Energies (kJ/mol)
           Bond          Angle    Proper Dih. Per. Imp. Dih.          LJ-14
    9.12009e+00    4.23702e+01    4.50531e+01    5.50534e+00    1.14045e+01
     Coulomb-14        LJ (SR)  Disper. corr.   Coulomb (SR)   Coul. recip.
    1.73090e+02    4.60462e+03   -2.68799e+02   -3.52105e+04    1.91844e+02
      Potential    Kinetic En.   Total Energy  Conserved En.    Temperature
   -3.03963e+04    5.62145e+03   -2.47748e+04   -2.24616e+04    2.95178e+02
 Pres. DC (bar) Pressure (bar)   Constr. rmsd
   -1.95874e+02   -4.85748e+00    0.00000e+00


Energy conservation over simulation part #1 of length 200 ps, time 0 to 200 ps
  Conserved energy drift: 3.86e-03 kJ/mol/ps per atom


	<======  ###############  ==>
	<====  A V E R A G E S  ====>
	<==  ###############  ======>

	Statistics over 100001 steps using 1001 frames

   Energies (kJ/mol)
           Bond          Angle    Proper Dih. Per. Imp. Dih.          LJ-14
    1.28933e+01    3.81270e+01    4.52654e+01    2.62292e+00    1.46514e+01
     Coulomb-14        LJ (SR)  Disper. corr.   Coulomb (SR)   Coul. recip.
    1.87175e+02    4.74160e+03   -2.64910e+02   -3.53173e+04    1.91813e+02
      Potential    Kinetic En.   Total Energy  Conserved En.    Temperature
   -3.03481e+04    5.70835e+03   -2.46397e+04   -2.32757e+04    2.99741e+02
 Pres. DC (bar) Pressure (bar)   Constr. rmsd
   -1.90300e+02   -8.83536e-01    0.00000e+00

          Box-X          Box-Y          Box-Z
    2.85016e+00    2.85016e+00    2.85016e+00

   Total Virial (kJ/mol)
    1.90526e+03   -3.48009e+00    6.37669e+00
   -3.47982e+00    1.91676e+03    1.75977e+01
    6.37689e+00    1.75977e+01    1.89818e+03

   Pressure (bar)
    3.20762e+00    7.34964e+00   -7.76864e+00
    7.34925e+00   -1.63136e+01   -2.58280e+01
   -7.76892e+00   -2.58281e+01    1.04554e+01

      T-Protein  T-non-Protein
    2.98238e+02    2.99759e+02


       P P   -   P M E   L O A D   B A L A N C I N G

 PP/PME load balancing changed the cut-off and PME settings:
           particle-particle                    PME
            rcoulomb  rlist            grid      spacing   1/beta
   initial  1.000 nm  1.002 nm      20  20  20   0.143 nm  0.320 nm
   final    1.000 nm  1.002 nm      20  20  20   0.143 nm  0.320 nm
 cost-ratio           1.00             1.00
 (note that these numbers concern only part of the total PP and PME load)


	M E G A - F L O P S   A C C O U N T I N G

 NB=Group-cutoff nonbonded kernels    NxN=N-by-N cluster Verlet kernels
 RF=Reaction-Field  VdW=Van der Waals  QSTab=quadratic-spline table
 W3=SPC/TIP3p  W4=TIP4p (single or pairs)
 V&F=Potential and force  V=Potential only  F=Force only

 Computing:                               M-Number         M-Flops  % Flops
-----------------------------------------------------------------------------
 Pair Search distance check             174.319808        1568.878     0.0
 NxN Ewald Elec. + LJ [F]            228774.135744    15099092.959    96.3
 NxN Ewald Elec. + LJ [V&F]            2313.148736      247506.915     1.6
 Calc Weights                           686.106861       24699.847     0.2
 Spread Q Bspline                     14636.946368       29273.893     0.2
 Gather F Bspline                     14636.946368       87821.678     0.6
 3D-FFT                               20701.748252      165613.986     1.1
 Solve PME                              439.166000       28106.624     0.2
 Reset In Box                             2.287000           6.861     0.0
 CG-CoM                                   2.289287           6.868     0.0
 Virial                                   5.296647          95.340     0.0
 Stop-CM                                  2.289287          22.893     0.0
 Calc-Ekin                               45.744574        1235.103     0.0
-----------------------------------------------------------------------------
 Total                                                15685051.845   100.0
-----------------------------------------------------------------------------


    D O M A I N   D E C O M P O S I T I O N   S T A T I S T I C S

 av. #atoms communicated per step for force:  2 x 8954.2


Dynamic load balancing report:
 DLB was off during the run due to low measured imbalance.
 Average load imbalance: 1.1%.
 The balanceable part of the MD step is 62%, load imbalance is computed from this.
 Part of the total run time spent waiting due to load imbalance: 0.7%.


      R E A L   C Y C L E   A N D   T I M E   A C C O U N T I N G

On 8 MPI ranks, each using 4 OpenMP threads

 Activity:              Num   Num      Call    Wall time         Giga-Cycles
                        Ranks Threads  Count      (s)         total sum    %
--------------------------------------------------------------------------------
 Domain decomp.            8    4       1000       0.341         28.388   1.1
 DD comm. load             8    4        990       0.008          0.684   0.0
 Neighbor search           8    4       1001       0.484         40.296   1.6
 Launch PP GPU ops.        8    4     299002      11.112        924.491  35.9
 Comm. coord.              8    4      99000       2.686        223.513   8.7
 Force                     8    4     100001       0.242         20.122   0.8
 Wait + Comm. F            8    4     100001       1.273        105.894   4.1
 PME mesh                  8    4     100001      12.127       1008.952  39.2
 Wait Bonded GPU           8    4        822       0.000          0.022   0.0
 Wait GPU NB nonloc.       8    4     100001       0.024          1.967   0.1
 Wait GPU NB local         8    4     100001       0.013          1.047   0.0
 Wait GPU state copy       8    4     222003       1.097         91.294   3.5
 NB X/F buffer ops.        8    4       4002       0.011          0.941   0.0
 Write traj.               8    4         21       0.006          0.536   0.0
 Comm. energies            8    4      10001       0.304         25.283   1.0
 Rest                                              1.191         99.107   3.9
--------------------------------------------------------------------------------
 Total                                            30.920       2572.536 100.0
--------------------------------------------------------------------------------
 Breakdown of PME mesh activities
--------------------------------------------------------------------------------
 PME redist. X/F           8    4     200002       5.289        440.056  17.1
 PME spread                8    4     100001       2.416        201.030   7.8
 PME gather                8    4     100001       1.765        146.820   5.7
 PME 3D-FFT                8    4     200002       1.291        107.371   4.2
 PME 3D-FFT Comm.          8    4     400004       1.027         85.423   3.3
 PME solve Elec            8    4     100001       0.137         11.411   0.4
--------------------------------------------------------------------------------

               Core t (s)   Wall t (s)        (%)
       Time:      989.283       30.920     3199.5
                 (ns/day)    (hour/ns)
Performance:      558.866        0.043
Finished mdrun on rank 0 Wed Apr 23 23:40:51 2025

